<?xml version="1.0" encoding="UTF-8"?>
<!-- Generated by org.testng.reporters.JUnitReportReporter -->
<testsuite hostname="LTIN297483" failures="0" tests="1" name="testCases.Tc_001_AccountRegistration" time="3.066" errors="0" timestamp="2024-02-27T12:49:19 IST" skipped="0">
  <testcase classname="testCases.Tc_001_AccountRegistration" name="verify_acc_registration" time="3.066"/>
</testsuite> <!-- testCases.Tc_001_AccountRegistration -->
