<?xml version="1.0" encoding="UTF-8"?>
<!-- Generated by org.testng.reporters.JUnitReportReporter -->
<testsuite hostname="LTIN297483" failures="0" tests="1" name="testCases.Tc_002_loginPage" time="0.613" errors="0" timestamp="2024-02-27T12:49:19 IST" skipped="0">
  <testcase classname="testCases.Tc_002_loginPage" name="verify_login" time="0.613"/>
</testsuite> <!-- testCases.Tc_002_loginPage -->
